<?xml version="1.0" encoding="UTF-8"?>
<testsuite name="com.cn.springflowable.SpringFlowableApplicationTests" tests="1" skipped="0" failures="0" errors="0" timestamp="2021-10-18T05:36:33" hostname="chenning-deiMac" time="0.238">
  <properties/>
  <testcase name="diagram()" classname="com.cn.springflowable.SpringFlowableApplicationTests" time="0.238"/>
  <system-out><![CDATA[13:36:28.252 [Test worker] DEBUG org.springframework.test.context.BootstrapUtils - Instantiating CacheAwareContextLoaderDelegate from class [org.springframework.test.context.cache.DefaultCacheAwareContextLoaderDelegate]
13:36:28.261 [Test worker] DEBUG org.springframework.test.context.BootstrapUtils - Instantiating BootstrapContext using constructor [public org.springframework.test.context.support.DefaultBootstrapContext(java.lang.Class,org.springframework.test.context.CacheAwareContextLoaderDelegate)]
13:36:28.285 [Test worker] DEBUG org.springframework.test.context.BootstrapUtils - Instantiating TestContextBootstrapper for test class [com.cn.springflowable.SpringFlowableApplicationTests] from class [org.springframework.boot.test.context.SpringBootTestContextBootstrapper]
13:36:28.294 [Test worker] INFO org.springframework.boot.test.context.SpringBootTestContextBootstrapper - Neither @ContextConfiguration nor @ContextHierarchy found for test class [com.cn.springflowable.SpringFlowableApplicationTests], using SpringBootContextLoader
13:36:28.297 [Test worker] DEBUG org.springframework.test.context.support.AbstractContextLoader - Did not detect default resource location for test class [com.cn.springflowable.SpringFlowableApplicationTests]: class path resource [com/cn/springflowable/SpringFlowableApplicationTests-context.xml] does not exist
13:36:28.297 [Test worker] DEBUG org.springframework.test.context.support.AbstractContextLoader - Did not detect default resource location for test class [com.cn.springflowable.SpringFlowableApplicationTests]: class path resource [com/cn/springflowable/SpringFlowableApplicationTestsContext.groovy] does not exist
13:36:28.297 [Test worker] INFO org.springframework.test.context.support.AbstractContextLoader - Could not detect default resource locations for test class [com.cn.springflowable.SpringFlowableApplicationTests]: no resource found for suffixes {-context.xml, Context.groovy}.
13:36:28.298 [Test worker] INFO org.springframework.test.context.support.AnnotationConfigContextLoaderUtils - Could not detect default configuration classes for test class [com.cn.springflowable.SpringFlowableApplicationTests]: SpringFlowableApplicationTests does not declare any static, non-private, non-final, nested classes annotated with @Configuration.
13:36:28.332 [Test worker] DEBUG org.springframework.test.context.support.ActiveProfilesUtils - Could not find an 'annotation declaring class' for annotation type [org.springframework.test.context.ActiveProfiles] and class [com.cn.springflowable.SpringFlowableApplicationTests]
13:36:28.342 [Test worker] DEBUG org.springframework.context.index.CandidateComponentsIndexLoader - Loaded 1] index(es)
13:36:28.374 [Test worker] DEBUG org.springframework.context.annotation.ClassPathScanningCandidateComponentProvider - Using candidate component class from index: com.cn.springflowable.SpringFlowableApplication
13:36:28.375 [Test worker] INFO org.springframework.boot.test.context.SpringBootTestContextBootstrapper - Found @SpringBootConfiguration com.cn.springflowable.SpringFlowableApplication for test class com.cn.springflowable.SpringFlowableApplicationTests
13:36:28.475 [Test worker] DEBUG org.springframework.boot.test.context.SpringBootTestContextBootstrapper - @TestExecutionListeners is not present for class [com.cn.springflowable.SpringFlowableApplicationTests]: using defaults.
13:36:28.476 [Test worker] INFO org.springframework.boot.test.context.SpringBootTestContextBootstrapper - Loaded default TestExecutionListener class names from location [META-INF/spring.factories]: [org.springframework.boot.test.autoconfigure.restdocs.RestDocsTestExecutionListener, org.springframework.boot.test.autoconfigure.web.client.MockRestServiceServerResetTestExecutionListener, org.springframework.boot.test.autoconfigure.web.servlet.MockMvcPrintOnlyOnFailureTestExecutionListener, org.springframework.boot.test.autoconfigure.web.servlet.WebDriverTestExecutionListener, org.springframework.boot.test.autoconfigure.webservices.client.MockWebServiceServerTestExecutionListener, org.springframework.boot.test.mock.mockito.MockitoTestExecutionListener, org.springframework.boot.test.mock.mockito.ResetMocksTestExecutionListener, org.springframework.test.context.web.ServletTestExecutionListener, org.springframework.test.context.support.DirtiesContextBeforeModesTestExecutionListener, org.springframework.test.context.event.ApplicationEventsTestExecutionListener, org.springframework.test.context.support.DependencyInjectionTestExecutionListener, org.springframework.test.context.support.DirtiesContextTestExecutionListener, org.springframework.test.context.transaction.TransactionalTestExecutionListener, org.springframework.test.context.jdbc.SqlScriptsTestExecutionListener, org.springframework.test.context.event.EventPublishingTestExecutionListener]
13:36:28.487 [Test worker] INFO org.springframework.boot.test.context.SpringBootTestContextBootstrapper - Using TestExecutionListeners: [org.springframework.test.context.web.ServletTestExecutionListener@26f3d90c, org.springframework.test.context.support.DirtiesContextBeforeModesTestExecutionListener@3c49fab6, org.springframework.test.context.event.ApplicationEventsTestExecutionListener@515f4131, org.springframework.boot.test.mock.mockito.MockitoTestExecutionListener@74518890, org.springframework.boot.test.autoconfigure.SpringBootDependencyInjectionTestExecutionListener@4c5204af, org.springframework.test.context.support.DirtiesContextTestExecutionListener@3f3ddbd9, org.springframework.test.context.transaction.TransactionalTestExecutionListener@14c053c6, org.springframework.test.context.jdbc.SqlScriptsTestExecutionListener@6c2d4cc6, org.springframework.test.context.event.EventPublishingTestExecutionListener@30865a90, org.springframework.boot.test.autoconfigure.restdocs.RestDocsTestExecutionListener@6134ac4a, org.springframework.boot.test.autoconfigure.web.client.MockRestServiceServerResetTestExecutionListener@777c9dc9, org.springframework.boot.test.autoconfigure.web.servlet.MockMvcPrintOnlyOnFailureTestExecutionListener@71b1a49c, org.springframework.boot.test.autoconfigure.web.servlet.WebDriverTestExecutionListener@73e132e0, org.springframework.boot.test.autoconfigure.webservices.client.MockWebServiceServerTestExecutionListener@3773862a, org.springframework.boot.test.mock.mockito.ResetMocksTestExecutionListener@2472c7d8]
13:36:28.489 [Test worker] DEBUG org.springframework.test.context.support.AbstractDirtiesContextTestExecutionListener - Before test class: context [DefaultTestContext@30f4b1a6 testClass = SpringFlowableApplicationTests, testInstance = [null], testMethod = [null], testException = [null], mergedContextConfiguration = [WebMergedContextConfiguration@405325cf testClass = SpringFlowableApplicationTests, locations = '{}', classes = '{class com.cn.springflowable.SpringFlowableApplication}', contextInitializerClasses = '[]', activeProfiles = '{}', propertySourceLocations = '{}', propertySourceProperties = '{org.springframework.boot.test.context.SpringBootTestContextBootstrapper=true}', contextCustomizers = set[org.springframework.boot.test.autoconfigure.actuate.metrics.MetricsExportContextCustomizerFactory$DisableMetricExportContextCustomizer@16ecee1, org.springframework.boot.test.autoconfigure.properties.PropertyMappingContextCustomizer@0, org.springframework.boot.test.autoconfigure.web.servlet.WebDriverContextCustomizerFactory$Customizer@4721d212, org.springframework.boot.test.context.filter.ExcludeFilterContextCustomizer@62dae540, org.springframework.boot.test.json.DuplicateJsonObjectContextCustomizerFactory$DuplicateJsonObjectContextCustomizer@56c9bbd8, org.springframework.boot.test.mock.mockito.MockitoContextCustomizer@0, org.springframework.boot.test.web.client.TestRestTemplateContextCustomizer@7a8fa663, org.springframework.boot.test.context.SpringBootTestArgs@1, org.springframework.boot.test.context.SpringBootTestWebEnvironment@748741cb], resourceBasePath = 'src/main/webapp', contextLoader = 'org.springframework.boot.test.context.SpringBootContextLoader', parent = [null]], attributes = map['org.springframework.test.context.web.ServletTestExecutionListener.activateListener' -> true]], class annotated with @DirtiesContext [false] with mode [null].
13:36:28.522 [Test worker] DEBUG org.springframework.test.context.support.TestPropertySourceUtils - Adding inlined properties to environment: {spring.jmx.enabled=false, org.springframework.boot.test.context.SpringBootTestContextBootstrapper=true}

  .   ____          _            __ _ _
 /\\ / ___'_ __ _ _(_)_ __  __ _ \ \ \ \
( ( )\___ | '_ | '_| | '_ \/ _` | \ \ \ \
 \\/  ___)| |_)| | | | | || (_| |  ) ) ) )
  '  |____| .__|_| |_|_| |_\__, | / / / /
 =========|_|==============|___/=/_/_/_/
 :: Spring Boot ::                (v2.5.5)

2021-10-18 13:36:28.782  INFO 4806 --- [    Test worker] c.c.s.SpringFlowableApplicationTests     : Starting SpringFlowableApplicationTests using Java 11.0.12 on chenning-deiMac with PID 4806 (started by chenning in /Users/chenning/personalProjects/backend/spring-flowable)
2021-10-18 13:36:28.783  INFO 4806 --- [    Test worker] c.c.s.SpringFlowableApplicationTests     : No active profile set, falling back to default profiles: default
2021-10-18 13:36:29.352  INFO 4806 --- [    Test worker] .s.d.r.c.RepositoryConfigurationDelegate : Bootstrapping Spring Data JPA repositories in DEFAULT mode.
2021-10-18 13:36:29.359  INFO 4806 --- [    Test worker] .s.d.r.c.RepositoryConfigurationDelegate : Finished Spring Data repository scanning in 2 ms. Found 0 JPA repository interfaces.
2021-10-18 13:36:29.796  INFO 4806 --- [    Test worker] com.zaxxer.hikari.HikariDataSource       : HikariPool-1 - Starting...
2021-10-18 13:36:29.946  INFO 4806 --- [    Test worker] com.zaxxer.hikari.HikariDataSource       : HikariPool-1 - Start completed.
2021-10-18 13:36:29.996  INFO 4806 --- [    Test worker] o.hibernate.jpa.internal.util.LogHelper  : HHH000204: Processing PersistenceUnitInfo [name: default]
2021-10-18 13:36:30.034  INFO 4806 --- [    Test worker] org.hibernate.Version                    : HHH000412: Hibernate ORM core version 5.4.32.Final
2021-10-18 13:36:30.066  INFO 4806 --- [    Test worker] o.hibernate.annotations.common.Version   : HCANN000001: Hibernate Commons Annotations {5.1.2.Final}
2021-10-18 13:36:30.162  INFO 4806 --- [    Test worker] org.hibernate.dialect.Dialect            : HHH000400: Using dialect: org.hibernate.dialect.PostgreSQL10Dialect
2021-10-18 13:36:30.360  INFO 4806 --- [    Test worker] o.h.e.t.j.p.i.JtaPlatformInitiator       : HHH000490: Using JtaPlatform implementation: [org.hibernate.engine.transaction.jta.platform.internal.NoJtaPlatform]
2021-10-18 13:36:30.367  INFO 4806 --- [    Test worker] j.LocalContainerEntityManagerFactoryBean : Initialized JPA EntityManagerFactory for persistence unit 'default'
2021-10-18 13:36:30.693  INFO 4806 --- [    Test worker] o.f.s.b.c.CmmnEngineAutoConfiguration    : No deployment resources were found for autodeployment
2021-10-18 13:36:30.771  INFO 4806 --- [    Test worker] o.f.s.b.dmn.DmnEngineAutoConfiguration   : No deployment resources were found for autodeployment
2021-10-18 13:36:30.800  INFO 4806 --- [    Test worker] o.f.s.b.f.FormEngineAutoConfiguration    : No deployment resources were found for autodeployment
2021-10-18 13:36:30.841  INFO 4806 --- [    Test worker] o.f.s.b.e.EventRegistryAutoConfiguration : No deployment resources were found for autodeployment
2021-10-18 13:36:30.863  INFO 4806 --- [    Test worker] o.f.s.b.app.AppEngineAutoConfiguration   : No deployment resources were found for autodeployment
2021-10-18 13:36:30.879  INFO 4806 --- [    Test worker] o.f.a.s.SpringAppEngineConfiguration     : Found 7 Engine Configurators in total:
2021-10-18 13:36:30.879  INFO 4806 --- [    Test worker] o.f.a.s.SpringAppEngineConfiguration     : class org.flowable.engine.spring.configurator.SpringProcessEngineConfigurator (priority:50000)
2021-10-18 13:36:30.879  INFO 4806 --- [    Test worker] o.f.a.s.SpringAppEngineConfiguration     : class org.flowable.eventregistry.spring.configurator.SpringEventRegistryConfigurator (priority:100000)
2021-10-18 13:36:30.879  INFO 4806 --- [    Test worker] o.f.a.s.SpringAppEngineConfiguration     : class org.flowable.idm.spring.configurator.SpringIdmEngineConfigurator (priority:150000)
2021-10-18 13:36:30.879  INFO 4806 --- [    Test worker] o.f.a.s.SpringAppEngineConfiguration     : class org.flowable.dmn.spring.configurator.SpringDmnEngineConfigurator (priority:200000)
2021-10-18 13:36:30.879  INFO 4806 --- [    Test worker] o.f.a.s.SpringAppEngineConfiguration     : class org.flowable.form.spring.configurator.SpringFormEngineConfigurator (priority:300000)
2021-10-18 13:36:30.879  INFO 4806 --- [    Test worker] o.f.a.s.SpringAppEngineConfiguration     : class org.flowable.content.spring.configurator.SpringContentEngineConfigurator (priority:400000)
2021-10-18 13:36:30.879  INFO 4806 --- [    Test worker] o.f.a.s.SpringAppEngineConfiguration     : class org.flowable.cmmn.spring.configurator.SpringCmmnEngineConfigurator (priority:500000)
2021-10-18 13:36:30.879  INFO 4806 --- [    Test worker] o.f.a.s.SpringAppEngineConfiguration     : Executing beforeInit() of class org.flowable.engine.spring.configurator.SpringProcessEngineConfigurator (priority:50000)
2021-10-18 13:36:30.904  INFO 4806 --- [    Test worker] o.f.a.s.SpringAppEngineConfiguration     : Executing beforeInit() of class org.flowable.eventregistry.spring.configurator.SpringEventRegistryConfigurator (priority:100000)
2021-10-18 13:36:30.907  INFO 4806 --- [    Test worker] o.f.a.s.SpringAppEngineConfiguration     : Executing beforeInit() of class org.flowable.idm.spring.configurator.SpringIdmEngineConfigurator (priority:150000)
2021-10-18 13:36:30.910  INFO 4806 --- [    Test worker] o.f.a.s.SpringAppEngineConfiguration     : Executing beforeInit() of class org.flowable.dmn.spring.configurator.SpringDmnEngineConfigurator (priority:200000)
2021-10-18 13:36:30.912  INFO 4806 --- [    Test worker] o.f.a.s.SpringAppEngineConfiguration     : Executing beforeInit() of class org.flowable.form.spring.configurator.SpringFormEngineConfigurator (priority:300000)
2021-10-18 13:36:30.915  INFO 4806 --- [    Test worker] o.f.a.s.SpringAppEngineConfiguration     : Executing beforeInit() of class org.flowable.content.spring.configurator.SpringContentEngineConfigurator (priority:400000)
2021-10-18 13:36:30.917  INFO 4806 --- [    Test worker] o.f.a.s.SpringAppEngineConfiguration     : Executing beforeInit() of class org.flowable.cmmn.spring.configurator.SpringCmmnEngineConfigurator (priority:500000)
2021-10-18 13:36:31.625  INFO 4806 --- [    Test worker] o.f.a.s.SpringAppEngineConfiguration     : Executing configure() of class org.flowable.engine.spring.configurator.SpringProcessEngineConfigurator (priority:50000)
2021-10-18 13:36:31.821  INFO 4806 --- [    Test worker] o.f.engine.impl.ProcessEngineImpl        : ProcessEngine default created
2021-10-18 13:36:31.848  INFO 4806 --- [    Test worker] o.f.e.impl.cmd.ValidateV5EntitiesCmd     : Total of v5 deployments found: 0
2021-10-18 13:36:31.850  INFO 4806 --- [    Test worker] o.f.a.s.SpringAppEngineConfiguration     : Executing configure() of class org.flowable.eventregistry.spring.configurator.SpringEventRegistryConfigurator (priority:100000)
2021-10-18 13:36:32.098  INFO 4806 --- [    Test worker] liquibase.lockservice                    : Successfully acquired change log lock
2021-10-18 13:36:32.325  INFO 4806 --- [    Test worker] liquibase.changelog                      : Reading from public.flw_ev_databasechangelog
2021-10-18 13:36:32.356  INFO 4806 --- [    Test worker] liquibase.lockservice                    : Successfully released change log lock
2021-10-18 13:36:32.356  INFO 4806 --- [    Test worker] o.f.e.impl.EventRegistryEngineImpl       : EventRegistryEngine default created
2021-10-18 13:36:32.357  INFO 4806 --- [    Test worker] o.f.a.s.SpringAppEngineConfiguration     : Executing configure() of class org.flowable.idm.spring.configurator.SpringIdmEngineConfigurator (priority:150000)
2021-10-18 13:36:32.367  INFO 4806 --- [    Test worker] o.f.idm.engine.impl.IdmEngineImpl        : IdmEngine default created
2021-10-18 13:36:32.368  INFO 4806 --- [    Test worker] o.f.a.s.SpringAppEngineConfiguration     : Executing configure() of class org.flowable.dmn.spring.configurator.SpringDmnEngineConfigurator (priority:200000)
2021-10-18 13:36:32.388  INFO 4806 --- [    Test worker] liquibase.lockservice                    : Successfully acquired change log lock
2021-10-18 13:36:32.422  INFO 4806 --- [    Test worker] liquibase.changelog                      : Reading from public.act_dmn_databasechangelog
2021-10-18 13:36:32.433  INFO 4806 --- [    Test worker] liquibase.lockservice                    : Successfully released change log lock
2021-10-18 13:36:32.434  INFO 4806 --- [    Test worker] o.f.dmn.engine.impl.DmnEngineImpl        : DmnEngine default created
2021-10-18 13:36:32.434  INFO 4806 --- [    Test worker] o.f.a.s.SpringAppEngineConfiguration     : Executing configure() of class org.flowable.form.spring.configurator.SpringFormEngineConfigurator (priority:300000)
2021-10-18 13:36:32.445  INFO 4806 --- [    Test worker] liquibase.lockservice                    : Successfully acquired change log lock
2021-10-18 13:36:32.473  INFO 4806 --- [    Test worker] liquibase.changelog                      : Reading from public.act_fo_databasechangelog
2021-10-18 13:36:32.479  INFO 4806 --- [    Test worker] liquibase.lockservice                    : Successfully released change log lock
2021-10-18 13:36:32.480  INFO 4806 --- [    Test worker] o.f.form.engine.impl.FormEngineImpl      : FormEngine default created
2021-10-18 13:36:32.481  INFO 4806 --- [    Test worker] o.f.a.s.SpringAppEngineConfiguration     : Executing configure() of class org.flowable.content.spring.configurator.SpringContentEngineConfigurator (priority:400000)
2021-10-18 13:36:32.482  INFO 4806 --- [    Test worker] o.f.c.s.SpringContentEngineConfiguration : Content file system root : /Users/chenning/content
2021-10-18 13:36:32.489  INFO 4806 --- [    Test worker] liquibase.lockservice                    : Successfully acquired change log lock
2021-10-18 13:36:32.515  INFO 4806 --- [    Test worker] liquibase.changelog                      : Reading from public.act_co_databasechangelog
2021-10-18 13:36:32.518  INFO 4806 --- [    Test worker] liquibase.lockservice                    : Successfully released change log lock
2021-10-18 13:36:32.519  INFO 4806 --- [    Test worker] o.f.c.engine.impl.ContentEngineImpl      : ContentEngine default created
2021-10-18 13:36:32.520  INFO 4806 --- [    Test worker] o.f.a.s.SpringAppEngineConfiguration     : Executing configure() of class org.flowable.cmmn.spring.configurator.SpringCmmnEngineConfigurator (priority:500000)
2021-10-18 13:36:32.581  INFO 4806 --- [    Test worker] liquibase.lockservice                    : Successfully acquired change log lock
2021-10-18 13:36:32.616  INFO 4806 --- [    Test worker] liquibase.changelog                      : Reading from public.act_cmmn_databasechangelog
2021-10-18 13:36:32.634  INFO 4806 --- [    Test worker] liquibase.lockservice                    : Successfully released change log lock
2021-10-18 13:36:32.635  INFO 4806 --- [    Test worker] o.f.cmmn.engine.impl.CmmnEngineImpl      : CmmnEngine default created
2021-10-18 13:36:32.646  INFO 4806 --- [    Test worker] liquibase.lockservice                    : Successfully acquired change log lock
2021-10-18 13:36:32.670  INFO 4806 --- [    Test worker] liquibase.changelog                      : Reading from public.act_app_databasechangelog
2021-10-18 13:36:32.673  INFO 4806 --- [    Test worker] liquibase.lockservice                    : Successfully released change log lock
2021-10-18 13:36:32.674  INFO 4806 --- [    Test worker] o.f.app.engine.impl.AppEngineImpl        : AppEngine default created
2021-10-18 13:36:32.832  WARN 4806 --- [    Test worker] JpaBaseConfiguration$JpaWebConfiguration : spring.jpa.open-in-view is enabled by default. Therefore, database queries may be performed during view rendering. Explicitly configure spring.jpa.open-in-view to disable this warning
2021-10-18 13:36:33.246  INFO 4806 --- [    Test worker] c.c.s.SpringFlowableApplicationTests     : Started SpringFlowableApplicationTests in 4.718 seconds (JVM running for 5.635)
com.cn.springflowable.service.FlowableService$$Lambda$1164/0x0000000800b03040@1baf1268
]]></system-out>
  <system-err><![CDATA[]]></system-err>
</testsuite>
